f:\shrinksnakegame\shrinksnakegame\x64\debug\vc143.pdb
f:\shrinksnakegame\shrinksnakegame\x64\debug\vc143.idb
f:\shrinksnakegame\shrinksnakegame\x64\debug\uibase.obj
f:\shrinksnakegame\shrinksnakegame\x64\debug\startmenu.obj
f:\shrinksnakegame\shrinksnakegame\x64\debug\snakebody.obj
f:\shrinksnakegame\shrinksnakegame\x64\debug\snake.obj
f:\shrinksnakegame\shrinksnakegame\x64\debug\map.obj
f:\shrinksnakegame\shrinksnakegame\x64\debug\main.obj
f:\shrinksnakegame\shrinksnakegame\x64\debug\loadmenu.obj
f:\shrinksnakegame\shrinksnakegame\x64\debug\gamemenu.obj
f:\shrinksnakegame\shrinksnakegame\x64\debug\game.obj
f:\shrinksnakegame\shrinksnakegame\x64\debug\actor.obj
f:\shrinksnakegame\shrinksnakegame\x64\debug\item.obj
f:\shrinksnakegame\shrinksnakegame\x64\debug\collisioninfo.obj
f:\shrinksnakegame\shrinksnakegame\x64\debug\itemmanager.obj
f:\shrinksnakegame\output\x64\debug\shrinksnakegame.exe
f:\shrinksnakegame\output\x64\debug\shrinksnakegame.pdb
f:\shrinksnakegame\shrinksnakegame\x64\debug\shrinksnakegame.ilk
f:\shrinksnakegame\\output\x64\debug\shrinksnakegame.pdb
f:\shrinksnakegame\shrinksnakegame\x64\debug\shrinksnakegame.tlog\cl.command.1.tlog
f:\shrinksnakegame\shrinksnakegame\x64\debug\shrinksnakegame.tlog\cl.items.tlog
f:\shrinksnakegame\shrinksnakegame\x64\debug\shrinksnakegame.tlog\cl.read.1.tlog
f:\shrinksnakegame\shrinksnakegame\x64\debug\shrinksnakegame.tlog\cl.write.1.tlog
f:\shrinksnakegame\shrinksnakegame\x64\debug\shrinksnakegame.tlog\link.command.1.tlog
f:\shrinksnakegame\shrinksnakegame\x64\debug\shrinksnakegame.tlog\link.read.1.tlog
f:\shrinksnakegame\shrinksnakegame\x64\debug\shrinksnakegame.tlog\link.secondary.1.tlog
f:\shrinksnakegame\shrinksnakegame\x64\debug\shrinksnakegame.tlog\link.write.1.tlog
